<?xml version="1.0" encoding="UTF-8"?>
<!-- Generated by org.testng.reporters.JUnitReportReporter -->
<testsuite hostname="LAPTOP-47KEHV7J" failures="0" tests="1" name="Practice1.Launch1" time="18.703" errors="0" timestamp="2023-05-04T17:08:47 IST" skipped="0">
  <testcase classname="Practice1.Launch1" name="LaunchTest" time="18.703"/>
  <system-out/>
</testsuite> <!-- Practice1.Launch1 -->
