<?xml version="1.0" encoding="UTF-8"?>
<!-- Generated by org.testng.reporters.JUnitReportReporter -->
<testsuite hostname="LAPTOP-47KEHV7J" failures="0" tests="1" name="Practice1.TrelloFirst" time="21.669" errors="0" timestamp="2023-05-13T16:51:52 IST" skipped="0">
  <testcase classname="Practice1.TrelloFirst" name="TrellOne" time="21.669"/>
  <system-out/>
</testsuite> <!-- Practice1.TrelloFirst -->
