<?xml version="1.0" encoding="UTF-8"?>
<!-- Generated by org.testng.reporters.JUnitReportReporter -->
<testsuite hostname="LAPTOP-47KEHV7J" failures="0" tests="1" name="Practice1.LoginApplicationTest" time="23.825" errors="0" timestamp="2023-05-20T20:33:50 IST" skipped="0">
  <testcase classname="Practice1.LoginApplicationTest" name="LogInTest" time="23.825"/>
  <system-out/>
</testsuite> <!-- Practice1.LoginApplicationTest -->
